<?xml version="1.0" encoding="UTF-8"?>
<!-- Generated by org.testng.reporters.JUnitReportReporter -->
<testsuite hostname="Tommy" failures="0" tests="1" name="QuestionTest" time="0.008" errors="0" timestamp="2022-05-02T13:17:23 CEST" skipped="0">
  <testcase classname="QuestionTest" name="testSettype" time="0.008"/>
  <system-out/>
</testsuite> <!-- QuestionTest -->
